ERROR - 2016-11-02 08:38:00 --> Unable to connect to the database
ERROR - 2016-11-02 08:38:07 --> Unable to connect to the database
ERROR - 2016-11-02 08:38:14 --> Unable to connect to the database
ERROR - 2016-11-02 08:38:15 --> Unable to connect to the database
ERROR - 2016-11-02 09:15:31 --> Query error: ORA-00001: unique constraint (YUSUF.SYS_C0011423) violated - Invalid query: INSERT ALL
	INTO "ANGGOTA_KELUARGA_SEMENTARA" ("HUBUNGAN", "ISACTIVE", "KKASAL", "NAMA", "NIK", "NOREG") VALUES ('1',1,'3525161511080442','EDDY SANTOSO','3525162509840001','2ED002KK')
SELECT * FROM dual
ERROR - 2016-11-02 09:16:55 --> Query error: ORA-00001: unique constraint (YUSUF.SYS_C0011423) violated - Invalid query: INSERT ALL
	INTO "ANGGOTA_KELUARGA_SEMENTARA" ("HUBUNGAN", "ISACTIVE", "KKASAL", "NAMA", "NIK", "NOREG") VALUES ('1',1,'3525161511080442','EDDY SANTOSO','3525162509840001','2ED002KK')
SELECT * FROM dual
ERROR - 2016-11-02 09:40:54 --> Query error: ORA-00001: unique constraint (YUSUF.SYS_C0011423) violated - Invalid query: INSERT ALL
	INTO "ANGGOTA_KELUARGA_SEMENTARA" ("HUBUNGAN", "ISACTIVE", "KKASAL", "NAMA", "NIK", "NOREG") VALUES ('1',1,'3525161511080435','ADHIMAS SULTHAN ATHA''ALA','3525162502080002','2AH002KK')
SELECT * FROM dual
ERROR - 2016-11-02 09:44:30 --> Query error: ORA-00001: unique constraint (YUSUF.SYS_C0011423) violated - Invalid query: INSERT ALL
	INTO "ANGGOTA_KELUARGA_SEMENTARA" ("HUBUNGAN", "ISACTIVE", "KKASAL", "NAMA", "NIK", "NOREG") VALUES ('1',1,'3525161511080435','ADHIMAS SULTHAN ATHA''ALA','3525162502080002','2AH002KK')
SELECT * FROM dual
ERROR - 2016-11-02 10:15:27 --> Query error: ORA-00936: missing expression - Invalid query: SELECT "WNI"."NO_KK", "WNI"."NAMA_LGKP", "NAMA_KEL", "WNI"."NO_PROP", "WNI"."NO_KAB", "WNI"."NO_KEC", "WNI"."NO_KEC", "WNI"."NO_KEL", TO_CHAR(WNI.TGL_LHR, 'DD.MON.YYYY') AS TGL_LHR, "WNI"."JENIS_PKRJN", TO_CHAR(WNI.TGL_KWN, 'DD.MON.YYYY') AS TGL_KAWIN, "WNI"."JENIS_KLMIN", "DATA_KELUARGA"."KODE_POS" "INST_KODE_POS", "WNI"."NO_KK", FLOOR((SYSDATE-TGL_LHR)/360) AS UMUR, "WNI"."AGAMA", "DATA_KELUARGA"."NO_RT", "DATA_KELUARGA"."NO_RW", "DATA_KELUARGA"."ALAMAT"
FROM "WNI"
JOIN "SETUP_PROP" ON "SETUP_PROP"."NO_PROP"="WNI"."NO_PROP"
JOIN "SETUP_KAB" ON "SETUP_KAB"."NO_KAB"="WNI"."NO_KAB" AND "SETUP_KAB"."NO_PROP" = "WNI"."NO_PROP"
JOIN "SETUP_KEC" ON "SETUP_KEC"."NO_KEC" = "WNI"."NO_KEC" AND "SETUP_KEC"."NO_KAB"="WNI"."NO_KAB" AND "SETUP_KEC"."NO_PROP" = "WNI"."NO_PROP"
JOIN "SETUP_KEL" ON "SETUP_KEL"."NO_KEL" = "WNI"."NO_KEL" AND "SETUP_KEL"."NO_KEC" = "WNI"."NO_KEC" AND "SETUP_KEL"."NO_KAB"="WNI"."NO_KAB" AND "SETUP_KEL"."NO_PROP" = "WNI"."NO_PROP"
JOIN "PKRJN_MASTER" ON "PKRJN_MASTER"."NO" = "WNI"."JENIS_PKRJN"
JOIN "DATA_KELUARGA" ON "DATA_KELUARGA"."NO_KK" = "WNI"."NO_KK"
WHERE "WNI"."NIK" = '3525167003990001'
AND WNI.NIK NOT IN SELECT NIKPEMOHON FROM REG_KK
ERROR - 2016-11-02 10:16:46 --> Query error: ORA-01400: cannot insert NULL into ("YUSUF"."REG_KTP"."NAMAPEMOHON") - Invalid query: INSERT INTO "REG_KTP" (CREATIONDATE, TGLAKHIRKITAP, "NOREG", "JENISPERMOHONAN", "JENISPENDUDUK", "NOKITAP", "KKPEMOHON", "NIKPEMOHON", "NAMAPEMOHON", "ALAMATPEMOHON", "KDPOSPEMOHON", "RTPEMOHON", "RWPEMOHON", "TLPPEMOHON", "PROPPEMOHON", "KABPEMOHON", "KECPEMOHON", "KELPEMOHON", "PROPDISTRICT", "KABDISTRICT", "KECDISTRICT", "KELDISTRICT", "ISACTIVE") VALUES (SYSDATE, '', '2002KT', 'A', '1', '', '', '3525167003990001', '', '', '', '', '', '', '35', '25', '1', '', '35', '25', '16', '1001', '1')
